This is pdfTeX, Version 3.141592653-2.6-1.40.26 (MiKTeX 24.3) (preloaded format=pdflatex 2024.4.4)  18 APR 2024 16:13
entering extended mode
 restricted \write18 enabled.
 %&-line parsing enabled.
**./efectos-huelgas.tex
(efectos-huelgas.tex
LaTeX2e <2023-11-01> patch level 1
L3 programming layer <2024-03-14>
(C:\Users\danie\AppData\Local\Programs\MiKTeX\tex/latex/base\book.cls
Document Class: book 2023/05/17 v1.4n Standard LaTeX document class
(C:\Users\danie\AppData\Local\Programs\MiKTeX\tex/latex/base\bk12.clo
File: bk12.clo 2023/05/17 v1.4n Standard LaTeX file (size option)
)
\c@part=\count188
\c@chapter=\count189
\c@section=\count190
\c@subsection=\count191
\c@subsubsection=\count192
\c@paragraph=\count193
\c@subparagraph=\count194
\c@figure=\count195
\c@table=\count196
\abovecaptionskip=\skip48
\belowcaptionskip=\skip49
\bibindent=\dimen140
) (C:\Users\danie\AppData\Local\Programs\MiKTeX\tex/latex/amsmath\amsmath.sty
Package: amsmath 2023/05/13 v2.17o AMS math features
\@mathmargin=\skip50
For additional information on amsmath, use the `?' option.
(C:\Users\danie\AppData\Local\Programs\MiKTeX\tex/latex/amsmath\amstext.sty
Package: amstext 2021/08/26 v2.01 AMS text
(C:\Users\danie\AppData\Local\Programs\MiKTeX\tex/latex/amsmath\amsgen.sty
File: amsgen.sty 1999/11/30 v2.0 generic functions
\@emptytoks=\toks17
\ex@=\dimen141
)) (C:\Users\danie\AppData\Local\Programs\MiKTeX\tex/latex/amsmath\amsbsy.sty
Package: amsbsy 1999/11/29 v1.2d Bold Symbols
\pmbraise@=\dimen142
) (C:\Users\danie\AppData\Local\Programs\MiKTeX\tex/latex/amsmath\amsopn.sty
Package: amsopn 2022/04/08 v2.04 operator names
)
\inf@bad=\count197
LaTeX Info: Redefining \frac on input line 234.
\uproot@=\count198
\leftroot@=\count199
LaTeX Info: Redefining \overline on input line 399.
LaTeX Info: Redefining \colon on input line 410.
\classnum@=\count266
\DOTSCASE@=\count267
LaTeX Info: Redefining \ldots on input line 496.
LaTeX Info: Redefining \dots on input line 499.
LaTeX Info: Redefining \cdots on input line 620.
\Mathstrutbox@=\box51
\strutbox@=\box52
LaTeX Info: Redefining \big on input line 722.
LaTeX Info: Redefining \Big on input line 723.
LaTeX Info: Redefining \bigg on input line 724.
LaTeX Info: Redefining \Bigg on input line 725.
\big@size=\dimen143
LaTeX Font Info:    Redeclaring font encoding OML on input line 743.
LaTeX Font Info:    Redeclaring font encoding OMS on input line 744.
\macc@depth=\count268
LaTeX Info: Redefining \bmod on input line 905.
LaTeX Info: Redefining \pmod on input line 910.
LaTeX Info: Redefining \smash on input line 940.
LaTeX Info: Redefining \relbar on input line 970.
LaTeX Info: Redefining \Relbar on input line 971.
\c@MaxMatrixCols=\count269
\dotsspace@=\muskip16
\c@parentequation=\count270
\dspbrk@lvl=\count271
\tag@help=\toks18
\row@=\count272
\column@=\count273
\maxfields@=\count274
\andhelp@=\toks19
\eqnshift@=\dimen144
\alignsep@=\dimen145
\tagshift@=\dimen146
\tagwidth@=\dimen147
\totwidth@=\dimen148
\lineht@=\dimen149
\@envbody=\toks20
\multlinegap=\skip51
\multlinetaggap=\skip52
\mathdisplay@stack=\toks21
LaTeX Info: Redefining \[ on input line 2953.
LaTeX Info: Redefining \] on input line 2954.
) (C:\Users\danie\AppData\Local\Programs\MiKTeX\tex/latex/amsfonts\amssymb.sty
Package: amssymb 2013/01/14 v3.01 AMS font symbols
(C:\Users\danie\AppData\Local\Programs\MiKTeX\tex/latex/amsfonts\amsfonts.sty
Package: amsfonts 2013/01/14 v3.01 Basic AMSFonts support
\symAMSa=\mathgroup4
\symAMSb=\mathgroup5
LaTeX Font Info:    Redeclaring math symbol \hbar on input line 98.
LaTeX Font Info:    Overwriting math alphabet `\mathfrak' in version `bold'
(Font)                  U/euf/m/n --> U/euf/b/n on input line 106.
)) (C:\Users\danie\AppData\Local\Programs\MiKTeX\tex/latex/setspace\setspace.st
y
Package: setspace 2022/12/04 v6.7b set line spacing
) (C:\Users\danie\AppData\Local\Programs\MiKTeX\tex/generic/iftex\iftex.sty
Package: iftex 2022/02/03 v1.0f TeX engine tests
) (C:\Users\danie\AppData\Local\Programs\MiKTeX\tex/latex/base\fontenc.sty
Package: fontenc 2021/04/29 v2.0v Standard LaTeX package
) (C:\Users\danie\AppData\Local\Programs\MiKTeX\tex/latex/base\inputenc.sty
Package: inputenc 2021/02/14 v1.3d Input encoding file
\inpenc@prehook=\toks22
\inpenc@posthook=\toks23
) (C:\Users\danie\AppData\Local\Programs\MiKTeX\tex/latex/base\textcomp.sty
Package: textcomp 2020/02/02 v2.0n Standard LaTeX package
) (C:\Users\danie\AppData\Local\Programs\MiKTeX\tex/latex/lm\lmodern.sty
Package: lmodern 2015/05/01 v1.6.1 Latin Modern Fonts
LaTeX Font Info:    Overwriting symbol font `operators' in version `normal'
(Font)                  OT1/cmr/m/n --> OT1/lmr/m/n on input line 22.
LaTeX Font Info:    Overwriting symbol font `letters' in version `normal'
(Font)                  OML/cmm/m/it --> OML/lmm/m/it on input line 23.
LaTeX Font Info:    Overwriting symbol font `symbols' in version `normal'
(Font)                  OMS/cmsy/m/n --> OMS/lmsy/m/n on input line 24.
LaTeX Font Info:    Overwriting symbol font `largesymbols' in version `normal'
(Font)                  OMX/cmex/m/n --> OMX/lmex/m/n on input line 25.
LaTeX Font Info:    Overwriting symbol font `operators' in version `bold'
(Font)                  OT1/cmr/bx/n --> OT1/lmr/bx/n on input line 26.
LaTeX Font Info:    Overwriting symbol font `letters' in version `bold'
(Font)                  OML/cmm/b/it --> OML/lmm/b/it on input line 27.
LaTeX Font Info:    Overwriting symbol font `symbols' in version `bold'
(Font)                  OMS/cmsy/b/n --> OMS/lmsy/b/n on input line 28.
LaTeX Font Info:    Overwriting symbol font `largesymbols' in version `bold'
(Font)                  OMX/cmex/m/n --> OMX/lmex/m/n on input line 29.
LaTeX Font Info:    Overwriting math alphabet `\mathbf' in version `normal'
(Font)                  OT1/cmr/bx/n --> OT1/lmr/bx/n on input line 31.
LaTeX Font Info:    Overwriting math alphabet `\mathsf' in version `normal'
(Font)                  OT1/cmss/m/n --> OT1/lmss/m/n on input line 32.
LaTeX Font Info:    Overwriting math alphabet `\mathit' in version `normal'
(Font)                  OT1/cmr/m/it --> OT1/lmr/m/it on input line 33.
LaTeX Font Info:    Overwriting math alphabet `\mathtt' in version `normal'
(Font)                  OT1/cmtt/m/n --> OT1/lmtt/m/n on input line 34.
LaTeX Font Info:    Overwriting math alphabet `\mathbf' in version `bold'
(Font)                  OT1/cmr/bx/n --> OT1/lmr/bx/n on input line 35.
LaTeX Font Info:    Overwriting math alphabet `\mathsf' in version `bold'
(Font)                  OT1/cmss/bx/n --> OT1/lmss/bx/n on input line 36.
LaTeX Font Info:    Overwriting math alphabet `\mathit' in version `bold'
(Font)                  OT1/cmr/bx/it --> OT1/lmr/bx/it on input line 37.
LaTeX Font Info:    Overwriting math alphabet `\mathtt' in version `bold'
(Font)                  OT1/cmtt/m/n --> OT1/lmtt/m/n on input line 38.
) (C:\Users\danie\AppData\Local\Programs\MiKTeX\tex/latex/upquote\upquote.sty
Package: upquote 2012/04/19 v1.3 upright-quote and grave-accent glyphs in verba
tim
)
(C:\Users\danie\AppData\Local\Programs\MiKTeX\tex/latex/microtype\microtype.sty
Package: microtype 2023/03/13 v3.1a Micro-typographical refinements (RS)
(C:\Users\danie\AppData\Local\Programs\MiKTeX\tex/latex/graphics\keyval.sty
Package: keyval 2022/05/29 v1.15 key=value parser (DPC)
\KV@toks@=\toks24
) (C:\Users\danie\AppData\Local\Programs\MiKTeX\tex/latex/etoolbox\etoolbox.sty
Package: etoolbox 2020/10/05 v2.5k e-TeX tools for LaTeX (JAW)
\etb@tempcnta=\count275
)
\MT@toks=\toks25
\MT@tempbox=\box53
\MT@count=\count276
LaTeX Info: Redefining \noprotrusionifhmode on input line 1059.
LaTeX Info: Redefining \leftprotrusion on input line 1060.
\MT@prot@toks=\toks26
LaTeX Info: Redefining \rightprotrusion on input line 1078.
LaTeX Info: Redefining \textls on input line 1368.
\MT@outer@kern=\dimen150
LaTeX Info: Redefining \textmicrotypecontext on input line 1988.
\MT@listname@count=\count277

(C:\Users\danie\AppData\Local\Programs\MiKTeX\tex/latex/microtype\microtype-pdf
tex.def
File: microtype-pdftex.def 2023/03/13 v3.1a Definitions specific to pdftex (RS)

LaTeX Info: Redefining \lsstyle on input line 902.
LaTeX Info: Redefining \lslig on input line 902.
\MT@outer@space=\skip53
)
Package microtype Info: Loading configuration file microtype.cfg.

(C:\Users\danie\AppData\Local\Programs\MiKTeX\tex/latex/microtype\microtype.cfg
File: microtype.cfg 2023/03/13 v3.1a microtype main configuration file (RS)
)) (C:\Users\danie\AppData\Local\Programs\MiKTeX\tex/latex/parskip\parskip.sty
Package: parskip 2021-03-14 v2.0h non-zero parskip adjustments

(C:\Users\danie\AppData\Local\Programs\MiKTeX\tex/latex/kvoptions\kvoptions.sty
Package: kvoptions 2022-06-15 v3.15 Key value format for package options (HO)
(C:\Users\danie\AppData\Local\Programs\MiKTeX\tex/generic/ltxcmds\ltxcmds.sty
Package: ltxcmds 2023-12-04 v1.26 LaTeX kernel commands for general use (HO)
)
(C:\Users\danie\AppData\Local\Programs\MiKTeX\tex/latex/kvsetkeys\kvsetkeys.sty
Package: kvsetkeys 2022-10-05 v1.19 Key value parser (HO)
))) (C:\Users\danie\AppData\Local\Programs\MiKTeX\tex/latex/xcolor\xcolor.sty
Package: xcolor 2023/11/15 v3.01 LaTeX color extensions (UK)
(C:\Users\danie\AppData\Local\Programs\MiKTeX\tex/latex/graphics-cfg\color.cfg
File: color.cfg 2016/01/02 v1.6 sample color configuration
)
Package xcolor Info: Driver file: pdftex.def on input line 274.

(C:\Users\danie\AppData\Local\Programs\MiKTeX\tex/latex/graphics-def\pdftex.def
File: pdftex.def 2022/09/22 v1.2b Graphics/color driver for pdftex
) (C:\Users\danie\AppData\Local\Programs\MiKTeX\tex/latex/graphics\mathcolor.lt
x)
Package xcolor Info: Model `cmy' substituted by `cmy0' on input line 1350.
Package xcolor Info: Model `hsb' substituted by `rgb' on input line 1354.
Package xcolor Info: Model `RGB' extended on input line 1366.
Package xcolor Info: Model `HTML' substituted by `rgb' on input line 1368.
Package xcolor Info: Model `Hsb' substituted by `hsb' on input line 1369.
Package xcolor Info: Model `tHsb' substituted by `hsb' on input line 1370.
Package xcolor Info: Model `HSB' substituted by `hsb' on input line 1371.
Package xcolor Info: Model `Gray' substituted by `gray' on input line 1372.
Package xcolor Info: Model `wave' substituted by `hsb' on input line 1373.
) (C:\Users\danie\AppData\Local\Programs\MiKTeX\tex/latex/graphics\dvipsnam.def
File: dvipsnam.def 2016/06/17 v3.0m Driver-dependent file (DPC,SPQR)
) (C:\Users\danie\AppData\Local\Programs\MiKTeX\tex/latex/xcolor\svgnam.def
File: svgnam.def 2023/11/15 v3.01 Predefined colors according to SVG 1.1 (UK)
) (C:\Users\danie\AppData\Local\Programs\MiKTeX\tex/latex/xcolor\x11nam.def
File: x11nam.def 2023/11/15 v3.01 Predefined colors according to Unix/X11 (UK)
) (C:\Users\danie\AppData\Local\Programs\MiKTeX\tex/latex/geometry\geometry.sty
Package: geometry 2020/01/02 v5.9 Page Geometry
(C:\Users\danie\AppData\Local\Programs\MiKTeX\tex/generic/iftex\ifvtex.sty
Package: ifvtex 2019/10/25 v1.7 ifvtex legacy package. Use iftex instead.
)
\Gm@cnth=\count278
\Gm@cntv=\count279
\c@Gm@tempcnt=\count280
\Gm@bindingoffset=\dimen151
\Gm@wd@mp=\dimen152
\Gm@odd@mp=\dimen153
\Gm@even@mp=\dimen154
\Gm@layoutwidth=\dimen155
\Gm@layoutheight=\dimen156
\Gm@layouthoffset=\dimen157
\Gm@layoutvoffset=\dimen158
\Gm@dimlist=\toks27
(C:\Users\danie\AppData\Local\Programs\MiKTeX\tex/latex/geometry\geometry.cfg))
(C:\Users\danie\AppData\Local\Programs\MiKTeX\tex/latex/tools\longtable.sty
Package: longtable 2023-11-01 v4.19 Multi-page Table package (DPC)
\LTleft=\skip54
\LTright=\skip55
\LTpre=\skip56
\LTpost=\skip57
\LTchunksize=\count281
\LTcapwidth=\dimen159
\LT@head=\box54
\LT@firsthead=\box55
\LT@foot=\box56
\LT@lastfoot=\box57
\LT@gbox=\box58
\LT@cols=\count282
\LT@rows=\count283
\c@LT@tables=\count284
\c@LT@chunks=\count285
\LT@p@ftn=\toks28
) (C:\Users\danie\AppData\Local\Programs\MiKTeX\tex/latex/booktabs\booktabs.sty
Package: booktabs 2020/01/12 v1.61803398 Publication quality tables
\heavyrulewidth=\dimen160
\lightrulewidth=\dimen161
\cmidrulewidth=\dimen162
\belowrulesep=\dimen163
\belowbottomsep=\dimen164
\aboverulesep=\dimen165
\abovetopsep=\dimen166
\cmidrulesep=\dimen167
\cmidrulekern=\dimen168
\defaultaddspace=\dimen169
\@cmidla=\count286
\@cmidlb=\count287
\@aboverulesep=\dimen170
\@belowrulesep=\dimen171
\@thisruleclass=\count288
\@lastruleclass=\count289
\@thisrulewidth=\dimen172
) (C:\Users\danie\AppData\Local\Programs\MiKTeX\tex/latex/tools\array.sty
Package: array 2023/10/16 v2.5g Tabular extension package (FMi)
\col@sep=\dimen173
\ar@mcellbox=\box59
\extrarowheight=\dimen174
\NC@list=\toks29
\extratabsurround=\skip58
\backup@length=\skip59
\ar@cellbox=\box60
) (C:\Users\danie\AppData\Local\Programs\MiKTeX\tex/latex/tools\calc.sty
Package: calc 2023/07/08 v4.3 Infix arithmetic (KKT,FJ)
\calc@Acount=\count290
\calc@Bcount=\count291
\calc@Adimen=\dimen175
\calc@Bdimen=\dimen176
\calc@Askip=\skip60
\calc@Bskip=\skip61
LaTeX Info: Redefining \setlength on input line 80.
LaTeX Info: Redefining \addtolength on input line 81.
\calc@Ccount=\count292
\calc@Cskip=\skip62
)
(C:\Users\danie\AppData\Local\Programs\MiKTeX\tex/latex/footnotehyper\footnoteh
yper.sty
Package: footnotehyper 2021/08/13 v1.1e hyperref aware footnote.sty (JFB)
\FNH@notes=\box61
\FNH@width=\dimen177
\FNH@toks=\toks30
) (C:\Users\danie\AppData\Local\Programs\MiKTeX\tex/latex/graphics\graphicx.sty
Package: graphicx 2021/09/16 v1.2d Enhanced LaTeX Graphics (DPC,SPQR)
(C:\Users\danie\AppData\Local\Programs\MiKTeX\tex/latex/graphics\graphics.sty
Package: graphics 2022/03/10 v1.4e Standard LaTeX Graphics (DPC,SPQR)
(C:\Users\danie\AppData\Local\Programs\MiKTeX\tex/latex/graphics\trig.sty
Package: trig 2021/08/11 v1.11 sin cos tan (DPC)
)
(C:\Users\danie\AppData\Local\Programs\MiKTeX\tex/latex/graphics-cfg\graphics.c
fg
File: graphics.cfg 2016/06/04 v1.11 sample graphics configuration
)
Package graphics Info: Driver file: pdftex.def on input line 107.
)
\Gin@req@height=\dimen178
\Gin@req@width=\dimen179
) (C:\Users\danie\AppData\Local\Programs\MiKTeX\tex/generic/babel\babel.sty
Package: babel 2024/02/07 v24.2 The Babel package
\babel@savecnt=\count293
\U@D=\dimen180
\l@unhyphenated=\language79
(C:\Users\danie\AppData\Local\Programs\MiKTeX\tex/generic/babel\txtbabel.def)
\bbl@readstream=\read2
\bbl@dirlevel=\count294
*************************************
* Local config file bblopts.cfg used
*
(C:\Users\danie\AppData\Local\Programs\MiKTeX\tex/latex/arabi\bblopts.cfg
File: bblopts.cfg 2005/09/08 v0.1 add Arabic and Farsi to "declared" options of
 babel
)
(C:\Users\danie\AppData\Local\Programs\MiKTeX\tex/latex/babel-spanish\spanish.l
df
Language: spanish.ldf 2021/05/27 v5.0q Spanish support from the babel system
\es@quottoks=\toks31
\es@quotdepth=\count295
Package babel Info: Making " an active character on input line 570.
Package babel Info: Making . an active character on input line 675.
Package babel Info: Making < an active character on input line 722.
Package babel Info: Making > an active character on input line 722.
))
(C:\Users\danie\AppData\Local\Programs\MiKTeX\tex/generic/babel/locale/es\babel
-spanish.tex
Package babel Info: Importing font and identification data for spanish
(babel)             from babel-es.ini. Reported on input line 11.
) (C:\Users\danie\AppData\Local\Programs\MiKTeX\tex/latex/babelbib\babelbib.sty
Package: babelbib 2021/01/06 v1.34 babelbib: multilingual bibliographies
\c@btxromaniannumeral=\count296
) (C:\Users\danie\AppData\Local\Programs\MiKTeX\tex/latex/psnfss\times.sty
Package: times 2020/03/25 PSNFSS-v9.3 (SPQR) 
) (C:\Users\danie\AppData\Local\Programs\MiKTeX\tex/latex/caption\caption.sty
Package: caption 2023/08/05 v3.6o Customizing captions (AR)
(C:\Users\danie\AppData\Local\Programs\MiKTeX\tex/latex/caption\caption3.sty
Package: caption3 2023/07/31 v2.4d caption3 kernel (AR)
\caption@tempdima=\dimen181
\captionmargin=\dimen182
\caption@leftmargin=\dimen183
\caption@rightmargin=\dimen184
\caption@width=\dimen185
\caption@indent=\dimen186
\caption@parindent=\dimen187
\caption@hangindent=\dimen188
Package caption Info: Standard document class detected.
)
\c@caption@flags=\count297
\c@continuedfloat=\count298
Package caption Info: longtable package is loaded.
(C:\Users\danie\AppData\Local\Programs\MiKTeX\tex/latex/caption\ltcaption.sty
Package: ltcaption 2021/01/08 v1.4c longtable captions (AR)
)) (C:\Users\danie\AppData\Local\Programs\MiKTeX\tex/latex/multirow\multirow.st
y
Package: multirow 2021/03/15 v2.8 Span multiple rows of a table
\multirow@colwidth=\skip63
\multirow@cntb=\count299
\multirow@dima=\skip64
\bigstrutjot=\dimen189
) (C:\Users\danie\AppData\Local\Programs\MiKTeX\tex/latex/wrapfig\wrapfig.sty
\wrapoverhang=\dimen190
\WF@size=\dimen191
\c@WF@wrappedlines=\count300
\WF@box=\box62
\WF@everypar=\toks32
Package: wrapfig 2003/01/31  v 3.6
) (C:\Users\danie\AppData\Local\Programs\MiKTeX\tex/latex/colortbl\colortbl.sty
Package: colortbl 2024/02/20 v1.0g Color table columns (DPC)
\everycr=\toks33
\minrowclearance=\skip65
\rownum=\count301
)
(C:\Users\danie\AppData\Local\Programs\MiKTeX\tex/latex/pdflscape\pdflscape.sty
Package: pdflscape 2022-10-27 v0.13 Display of landscape pages in PDF

(C:\Users\danie\AppData\Local\Programs\MiKTeX\tex/latex/pdflscape\pdflscape-nom
etadata.sty
Package: pdflscape-nometadata 2022-10-28 v0.13 Display of landscape pages in PD
F (HO)
(C:\Users\danie\AppData\Local\Programs\MiKTeX\tex/latex/graphics\lscape.sty
Package: lscape 2020/05/28 v3.02 Landscape Pages (DPC)
)
Package pdflscape Info: Auto-detected driver: pdftex on input line 81.
)) (C:\Users\danie\AppData\Local\Programs\MiKTeX\tex/latex/tabu\tabu.sty
Package: tabu 2019/01/11 v2.9 - flexible LaTeX tabulars (FC+tabu-fixed)
(C:\Users\danie\AppData\Local\Programs\MiKTeX\tex/latex/varwidth\varwidth.sty
Package: varwidth 2009/03/30 ver 0.92;  Variable-width minipages
\@vwid@box=\box63
\sift@deathcycles=\count302
\@vwid@loff=\dimen192
\@vwid@roff=\dimen193
)
\c@taburow=\count303
\tabu@nbcols=\count304
\tabu@cnt=\count305
\tabu@Xcol=\count306
\tabu@alloc=\count307
\tabu@nested=\count308
\tabu@target=\dimen194
\tabu@spreadtarget=\dimen195
\tabu@naturalX=\dimen196
\tabucolX=\dimen197
\tabu@Xsum=\dimen198
\extrarowdepth=\dimen199
\abovetabulinesep=\dimen256
\belowtabulinesep=\dimen257
\tabustrutrule=\dimen258
\tabu@thebody=\toks34
\tabu@footnotes=\toks35
\tabu@box=\box64
\tabu@arstrutbox=\box65
\tabu@hleads=\box66
\tabu@vleads=\box67
\tabu@cellskip=\skip66
)
(C:\Users\danie\AppData\Local\Programs\MiKTeX\tex/latex/threeparttable\threepar
ttable.sty
Package: threeparttable 2003/06/13  v 3.0
\@tempboxb=\box68
) (C:\Users\danie\AppData\Local\Programs\MiKTeX\tex/latex/pdfpages\pdfpages.sty
Package: pdfpages 2024/01/21 v0.5y Insert pages of external PDF documents (AM)
(C:\Users\danie\AppData\Local\Programs\MiKTeX\tex/latex/base\ifthen.sty
Package: ifthen 2022/04/13 v1.1d Standard LaTeX ifthen package (DPC)
) (C:\Users\danie\AppData\Local\Programs\MiKTeX\tex/latex/eso-pic\eso-pic.sty
Package: eso-pic 2023/05/03 v3.0c eso-pic (RN)
\ESO@tempdima=\dimen259
\ESO@tempdimb=\dimen260
)
\AM@pagewidth=\dimen261
\AM@pageheight=\dimen262
\AM@fboxrule=\dimen263
(C:\Users\danie\AppData\Local\Programs\MiKTeX\tex/latex/pdfpages\pppdftex.def
File: pppdftex.def 2024/01/21 v0.5y Pdfpages driver for pdfTeX (AM)
)
\pdfpages@includegraphics@status=\count309
\AM@pagebox=\box69
\AM@global@opts=\toks36
\AM@pagecnt=\count310
\AM@toc@title=\toks37
\AM@lof@heading=\toks38
\c@AM@survey=\count311
\AM@templatesizebox=\box70
)
(C:\Users\danie\AppData\Local\Programs\MiKTeX\tex/generic/oberdiek\hyphsubst.st
y
Package: hyphsubst 2016/05/16 v0.3 Substitute hyphenation patterns (HO)

(C:\Users\danie\AppData\Local\Programs\MiKTeX\tex/generic/infwarerr\infwarerr.s
ty
Package: infwarerr 2019/12/03 v1.5 Providing info/warning/error messages (HO)
)) (C:\Users\danie\AppData\Local\Programs\MiKTeX\tex/latex/floatrow\floatrow.st
y
Package: floatrow 2008/08/02 v0.3b floatrow: float package extension
\c@float@type=\count312
\float@exts=\toks39
\float@box=\box71
\@floatcapt=\box72
Package floatrow Info: Modified float package code loaded on input line 455.
Package floatrow Info: Modified rotfloat package code loaded on input line 473.

\FR@everyfloat=\toks40
\flrow@foot=\insert252
\FB@wd=\dimen264
\FBo@wd=\dimen265
\FBc@wd=\dimen266
\FBo@ht=\skip67
\FBc@ht=\skip68
\FBf@ht=\skip69
\FBo@max=\skip70
\FBc@max=\skip71
\FBf@max=\skip72
\c@FBl@b=\count313
\floatbox@depth=\count314
\c@FRobj=\count315
\c@FRsobj=\count316
\Xhsize=\skip73
\sXhsize=\skip74
\Zhsize=\skip75
\sZhsize=\skip76
\flrow@rowbox=\box73
\FR@Zunitlength=\dimen267
\c@FBcnt=\count317
\FPOScnt=\count318
\LTleft=\skip77
\LTright=\skip78
\LTleft=\skip79
\LTright=\skip80
\flrow@types=\toks41
)
(C:\Users\danie\AppData\Local\Programs\MiKTeX\tex/latex/threeparttablex\threepa
rttablex.sty
Package: threeparttablex 2013/07/23 v0.3 by daleif
(C:\Users\danie\AppData\Local\Programs\MiKTeX\tex/latex/environ\environ.sty
Package: environ 2014/05/04 v0.3 A new way to define environments

(C:\Users\danie\AppData\Local\Programs\MiKTeX\tex/latex/trimspaces\trimspaces.s
ty
Package: trimspaces 2009/09/17 v1.1 Trim spaces around a token list
))
\TPTL@width=\skip81
) (C:\Users\danie\AppData\Local\Programs\MiKTeX\tex/latex/ulem\ulem.sty
\UL@box=\box74
\UL@hyphenbox=\box75
\UL@skip=\skip82
\UL@hook=\toks42
\UL@height=\dimen268
\UL@pe=\count319
\UL@pixel=\dimen269
\ULC@box=\box76
Package: ulem 2019/11/18
\ULdepth=\dimen270
) (C:\Users\danie\AppData\Local\Programs\MiKTeX\tex/latex/makecell\makecell.sty
Package: makecell 2009/08/03 V0.1e Managing of Tab Column Heads and Cells
\rotheadsize=\dimen271
\c@nlinenum=\count320
\TeXr@lab=\toks43
) (C:\Users\danie\AppData\Local\Programs\MiKTeX\tex/latex/bookmark\bookmark.sty
Package: bookmark 2023-12-10 v1.31 PDF bookmarks (HO)
(C:\Users\danie\AppData\Local\Programs\MiKTeX\tex/latex/hyperref\hyperref.sty
Package: hyperref 2024-01-20 v7.01h Hypertext links for LaTeX

(C:\Users\danie\AppData\Local\Programs\MiKTeX\tex/generic/kvdefinekeys\kvdefine
keys.sty
Package: kvdefinekeys 2019-12-19 v1.6 Define keys (HO)
)
(C:\Users\danie\AppData\Local\Programs\MiKTeX\tex/generic/pdfescape\pdfescape.s
ty
Package: pdfescape 2019/12/09 v1.15 Implements pdfTeX's escape features (HO)

(C:\Users\danie\AppData\Local\Programs\MiKTeX\tex/generic/pdftexcmds\pdftexcmds
.sty
Package: pdftexcmds 2020-06-27 v0.33 Utility functions of pdfTeX for LuaTeX (HO
)
Package pdftexcmds Info: \pdf@primitive is available.
Package pdftexcmds Info: \pdf@ifprimitive is available.
Package pdftexcmds Info: \pdfdraftmode found.
)) (C:\Users\danie\AppData\Local\Programs\MiKTeX\tex/latex/hycolor\hycolor.sty
Package: hycolor 2020-01-27 v1.10 Color options for hyperref/bookmark (HO)
) (C:\Users\danie\AppData\Local\Programs\MiKTeX\tex/latex/auxhook\auxhook.sty
Package: auxhook 2019-12-17 v1.6 Hooks for auxiliary files (HO)
) (C:\Users\danie\AppData\Local\Programs\MiKTeX\tex/latex/hyperref\nameref.sty
Package: nameref 2023-11-26 v2.56 Cross-referencing by name of section
(C:\Users\danie\AppData\Local\Programs\MiKTeX\tex/latex/refcount\refcount.sty
Package: refcount 2019/12/15 v3.6 Data extraction from label references (HO)
)
(C:\Users\danie\AppData\Local\Programs\MiKTeX\tex/generic/gettitlestring\gettit
lestring.sty
Package: gettitlestring 2019/12/15 v1.6 Cleanup title references (HO)
)
\c@section@level=\count321
)
\@linkdim=\dimen272
\Hy@linkcounter=\count322
\Hy@pagecounter=\count323
(C:\Users\danie\AppData\Local\Programs\MiKTeX\tex/latex/hyperref\pd1enc.def
File: pd1enc.def 2024-01-20 v7.01h Hyperref: PDFDocEncoding definition (HO)
Now handling font encoding PD1 ...
... no UTF-8 mapping file for font encoding PD1
) (C:\Users\danie\AppData\Local\Programs\MiKTeX\tex/generic/intcalc\intcalc.sty
Package: intcalc 2019/12/15 v1.3 Expandable calculations with integers (HO)
)
\Hy@SavedSpaceFactor=\count324
(C:\Users\danie\AppData\Local\Programs\MiKTeX\tex/latex/hyperref\puenc.def
File: puenc.def 2024-01-20 v7.01h Hyperref: PDF Unicode definition (HO)
Now handling font encoding PU ...
... no UTF-8 mapping file for font encoding PU
)
Package hyperref Info: Option `unicode' set `true' on input line 4062.
Package hyperref Info: Hyper figures OFF on input line 4179.
Package hyperref Info: Link nesting OFF on input line 4184.
Package hyperref Info: Hyper index ON on input line 4187.
Package hyperref Info: Plain pages OFF on input line 4194.
Package hyperref Info: Backreferencing OFF on input line 4199.
Package hyperref Info: Implicit mode ON; LaTeX internals redefined.
Package hyperref Info: Bookmarks ON on input line 4446.
\c@Hy@tempcnt=\count325
(C:\Users\danie\AppData\Local\Programs\MiKTeX\tex/latex/url\url.sty
\Urlmuskip=\muskip17
Package: url 2013/09/16  ver 3.4  Verb mode for urls, etc.
)
LaTeX Info: Redefining \url on input line 4784.
\XeTeXLinkMargin=\dimen273
(C:\Users\danie\AppData\Local\Programs\MiKTeX\tex/generic/bitset\bitset.sty
Package: bitset 2019/12/09 v1.3 Handle bit-vector datatype (HO)

(C:\Users\danie\AppData\Local\Programs\MiKTeX\tex/generic/bigintcalc\bigintcalc
.sty
Package: bigintcalc 2019/12/15 v1.5 Expandable calculations on big integers (HO
)
))
\Fld@menulength=\count326
\Field@Width=\dimen274
\Fld@charsize=\dimen275
Package hyperref Info: Hyper figures OFF on input line 6063.
Package hyperref Info: Link nesting OFF on input line 6068.
Package hyperref Info: Hyper index ON on input line 6071.
Package hyperref Info: backreferencing OFF on input line 6078.
Package hyperref Info: Link coloring OFF on input line 6083.
Package hyperref Info: Link coloring with OCG OFF on input line 6088.
Package hyperref Info: PDF/A mode OFF on input line 6093.
(C:\Users\danie\AppData\Local\Programs\MiKTeX\tex/latex/base\atbegshi-ltx.sty
Package: atbegshi-ltx 2021/01/10 v1.0c Emulation of the original atbegshi
package with kernel methods
)
\Hy@abspage=\count327
\c@Item=\count328
\c@Hfootnote=\count329
)
Package hyperref Info: Driver (autodetected): hpdftex.
(C:\Users\danie\AppData\Local\Programs\MiKTeX\tex/latex/hyperref\hpdftex.def
File: hpdftex.def 2024-01-20 v7.01h Hyperref driver for pdfTeX
(C:\Users\danie\AppData\Local\Programs\MiKTeX\tex/latex/base\atveryend-ltx.sty
Package: atveryend-ltx 2020/08/19 v1.0a Emulation of the original atveryend pac
kage
with kernel methods
)
\Fld@listcount=\count330
\c@bookmark@seq@number=\count331

(C:\Users\danie\AppData\Local\Programs\MiKTeX\tex/latex/rerunfilecheck\rerunfil
echeck.sty
Package: rerunfilecheck 2022-07-10 v1.10 Rerun checks for auxiliary files (HO)

(C:\Users\danie\AppData\Local\Programs\MiKTeX\tex/generic/uniquecounter\uniquec
ounter.sty
Package: uniquecounter 2019/12/15 v1.4 Provide unlimited unique counter (HO)
)
Package uniquecounter Info: New unique counter `rerunfilecheck' on input line 2
85.
)
\Hy@SectionHShift=\skip83
)
(C:\Users\danie\AppData\Local\Programs\MiKTeX\tex/latex/bookmark\bkm-pdftex.def
File: bkm-pdftex.def 2023-12-10 v1.31 bookmark driver for pdfTeX and luaTeX (HO
)
\BKM@id=\count332
)) (C:\Users\danie\AppData\Local\Programs\MiKTeX\tex/latex/xurl\xurl.sty
Package: xurl 2022/01/09 v 0.10 modify URL breaks
)
Package hyperref Info: Option `colorlinks' set `true' on input line 123.
LaTeX Font Info:    Trying to load font information for T1+ptm on input line 13
6.
(C:\Users\danie\AppData\Local\Programs\MiKTeX\tex/latex/psnfss\t1ptm.fd
File: t1ptm.fd 2001/06/04 font definitions for T1/ptm.
)
(C:\Users\danie\AppData\Local\Programs\MiKTeX\tex/latex/l3backend\l3backend-pdf
tex.def
File: l3backend-pdftex.def 2024-03-14 L3 backend support: PDF output (pdfTeX)
\l__color_backend_stack_int=\count333
\l__pdf_internal_box=\box77
) (efectos-huelgas.aux
LaTeX Info: Redefining \. on input line 12.
LaTeX Info: Redefining \% on input line 12.

LaTeX Warning: Label `tab:unnamed-chunk-2' multiply defined.

)
\openout1 = `efectos-huelgas.aux'.

LaTeX Font Info:    Checking defaults for OML/cmm/m/it on input line 136.
LaTeX Font Info:    ... okay on input line 136.
LaTeX Font Info:    Checking defaults for OMS/cmsy/m/n on input line 136.
LaTeX Font Info:    ... okay on input line 136.
LaTeX Font Info:    Checking defaults for OT1/cmr/m/n on input line 136.
LaTeX Font Info:    ... okay on input line 136.
LaTeX Font Info:    Checking defaults for T1/cmr/m/n on input line 136.
LaTeX Font Info:    ... okay on input line 136.
LaTeX Font Info:    Checking defaults for TS1/cmr/m/n on input line 136.
LaTeX Font Info:    ... okay on input line 136.
LaTeX Font Info:    Checking defaults for OMX/cmex/m/n on input line 136.
LaTeX Font Info:    ... okay on input line 136.
LaTeX Font Info:    Checking defaults for U/cmr/m/n on input line 136.
LaTeX Font Info:    ... okay on input line 136.
LaTeX Font Info:    Checking defaults for PD1/pdf/m/n on input line 136.
LaTeX Font Info:    ... okay on input line 136.
LaTeX Font Info:    Checking defaults for PU/pdf/m/n on input line 136.
LaTeX Font Info:    ... okay on input line 136.
LaTeX Info: Redefining \microtypecontext on input line 136.
Package microtype Info: Applying patch `item' on input line 136.
Package microtype Info: Applying patch `toc' on input line 136.
Package microtype Info: Applying patch `eqnum' on input line 136.
Package microtype Info: Applying patch `footnote' on input line 136.
Package microtype Info: Applying patch `verbatim' on input line 136.
Package microtype Info: Generating PDF output.
Package microtype Info: Character protrusion enabled (level 2).
Package microtype Info: Using protrusion set `basicmath'.
Package microtype Info: Automatic font expansion enabled (level 2),
(microtype)             stretch: 20, shrink: 20, step: 1, non-selected.
Package microtype Info: Using default expansion set `alltext-nott'.
LaTeX Info: Redefining \showhyphens on input line 136.
Package microtype Info: No adjustment of tracking.
Package microtype Info: No adjustment of interword spacing.
Package microtype Info: No adjustment of character kerning.
(C:\Users\danie\AppData\Local\Programs\MiKTeX\tex/latex/microtype\mt-ptm.cfg
File: mt-ptm.cfg 2006/04/20 v1.7 microtype config. file: Times (RS)
)
(C:\Users\danie\AppData\Local\Programs\MiKTeX\tex/context/base/mkii\supp-pdf.mk
ii
[Loading MPS to PDF converter (version 2006.09.02).]
\scratchcounter=\count334
\scratchdimen=\dimen276
\scratchbox=\box78
\nofMPsegments=\count335
\nofMParguments=\count336
\everyMPshowfont=\toks44
\MPscratchCnt=\count337
\MPscratchDim=\dimen277
\MPnumerator=\count338
\makeMPintoPDFobject=\count339
\everyMPtoPDFconversion=\toks45
)
(C:\Users\danie\AppData\Local\Programs\MiKTeX\tex/latex/epstopdf-pkg\epstopdf-b
ase.sty
Package: epstopdf-base 2020-01-24 v2.11 Base part for package epstopdf
Package epstopdf-base Info: Redefining graphics rule for `.eps' on input line 4
85.

(C:\Users\danie\AppData\Local\Programs\MiKTeX\tex/latex/00miktex\epstopdf-sys.c
fg
File: epstopdf-sys.cfg 2021/03/18 v2.0 Configuration of epstopdf for MiKTeX
))
*geometry* driver: auto-detecting
*geometry* detected driver: pdftex
*geometry* verbose mode - [ preamble ] result:
* driver: pdftex
* paper: letterpaper
* layout: <same size as paper>
* layoutoffset:(h,v)=(0.0pt,0.0pt)
* modes: twoside 
* h-part:(L,W,R)=(56.9055pt, 500.484pt, 56.9055pt)
* v-part:(T,H,B)=(56.9055pt, 666.9326pt, 71.13188pt)
* \paperwidth=614.295pt
* \paperheight=794.96999pt
* \textwidth=500.484pt
* \textheight=666.9326pt
* \oddsidemargin=-15.36449pt
* \evensidemargin=-15.36449pt
* \topmargin=-47.23828pt
* \headheight=12.0pt
* \headsep=19.8738pt
* \topskip=12.0pt
* \footskip=30.0pt
* \marginparwidth=98.0pt
* \marginparsep=7.0pt
* \columnsep=10.0pt
* \skip\footins=10.8pt plus 4.0pt minus 2.0pt
* \hoffset=0.0pt
* \voffset=0.0pt
* \mag=1000
* \@twocolumnfalse
* \@twosidetrue
* \@mparswitchtrue
* \@reversemarginfalse
* (1in=72.27pt=25.4mm, 1cm=28.453pt)

LaTeX Info: Redefining \. on input line 136.
LaTeX Info: Redefining \% on input line 136.
babelbib: Set bibliography fall-back language to spanish
babelbib: spanish.bdf loaded because language spanish defined.
(C:\Users\danie\AppData\Local\Programs\MiKTeX\tex/latex/babelbib\spanish.bdf
File: spanish.bdf 2021/01/06 v1.34 babelbib: multilingual bibliographies
babelbib extension \btxifchangecaseoff added to \extrasspanish
)
babelbib: Load BibTeX extensions \bibsspanish for spanish
babelbib: Set language for keywords in the bibliography fixed to spanish
Package caption Info: Begin \AtBeginDocument code.
Package caption Info: float package is loaded.
Package caption Info: floatrow package is loaded.
Package caption Info: floatrow package is loaded.
Package caption Info: hyperref package is loaded.
Package caption Info: Fixing longtable code of `floatrow' package.
Package caption Info: threeparttable package is loaded.
Package caption Info: wrapfig package is loaded.
Package caption Info: End \AtBeginDocument code.

(C:\Users\danie\AppData\Local\Programs\MiKTeX\tex/latex/floatrow\fr-longtable.s
ty
Package: fr-longtable 2007/11/28 v0.1b (beta) floatrow: additions for longtable

\flrow@LT@lasthead=\box79
\flrow@LT@prelastfoot=\box80
\c@FBLTpage=\count340
)
Package hyperref Info: Link coloring ON on input line 136.
LaTeX Font Info:    Trying to load font information for OT1+lmr on input line 1
38.
(C:\Users\danie\AppData\Local\Programs\MiKTeX\tex/latex/lm\ot1lmr.fd
File: ot1lmr.fd 2015/05/01 v1.6.1 Font defs for Latin Modern
) (C:\Users\danie\AppData\Local\Programs\MiKTeX\tex/latex/microtype\mt-cmr.cfg
File: mt-cmr.cfg 2013/05/19 v2.2 microtype config. file: Computer Modern Roman 
(RS)
)
LaTeX Font Info:    Trying to load font information for OML+lmm on input line 1
38.
(C:\Users\danie\AppData\Local\Programs\MiKTeX\tex/latex/lm\omllmm.fd
File: omllmm.fd 2015/05/01 v1.6.1 Font defs for Latin Modern
)
LaTeX Font Info:    Trying to load font information for OMS+lmsy on input line 
138.
(C:\Users\danie\AppData\Local\Programs\MiKTeX\tex/latex/lm\omslmsy.fd
File: omslmsy.fd 2015/05/01 v1.6.1 Font defs for Latin Modern
)
LaTeX Font Info:    Trying to load font information for OMX+lmex on input line 
138.
(C:\Users\danie\AppData\Local\Programs\MiKTeX\tex/latex/lm\omxlmex.fd
File: omxlmex.fd 2015/05/01 v1.6.1 Font defs for Latin Modern
)
LaTeX Font Info:    External font `lmex10' loaded for size
(Font)              <14.4> on input line 138.
LaTeX Font Info:    External font `lmex10' loaded for size
(Font)              <10> on input line 138.
LaTeX Font Info:    External font `lmex10' loaded for size
(Font)              <7> on input line 138.
LaTeX Font Info:    Trying to load font information for U+msa on input line 138
.
(C:\Users\danie\AppData\Local\Programs\MiKTeX\tex/latex/amsfonts\umsa.fd
File: umsa.fd 2013/01/14 v3.01 AMS symbols A
) (C:\Users\danie\AppData\Local\Programs\MiKTeX\tex/latex/microtype\mt-msa.cfg
File: mt-msa.cfg 2006/02/04 v1.1 microtype config. file: AMS symbols (a) (RS)
)
LaTeX Font Info:    Trying to load font information for U+msb on input line 138
.
(C:\Users\danie\AppData\Local\Programs\MiKTeX\tex/latex/amsfonts\umsb.fd
File: umsb.fd 2013/01/14 v3.01 AMS symbols B
) (C:\Users\danie\AppData\Local\Programs\MiKTeX\tex/latex/microtype\mt-msb.cfg
File: mt-msb.cfg 2005/06/01 v1.0 microtype config. file: AMS symbols (b) (RS)
) [1


{C:/Users/danie/AppData/Local/MiKTeX/fonts/map/pdftex/pdftex.map}{C:/Users/dani
e/AppData/Local/Programs/MiKTeX/fonts/enc/dvips/base/8r.enc}] [2

] (efectos-huelgas.toc
LaTeX Info: Redefining \. on input line 1.
LaTeX Info: Redefining \% on input line 1.
LaTeX Font Info:    External font `lmex10' loaded for size
(Font)              <12> on input line 4.
LaTeX Font Info:    External font `lmex10' loaded for size
(Font)              <8> on input line 4.
LaTeX Font Info:    External font `lmex10' loaded for size
(Font)              <6> on input line 4.
)
\tf@toc=\write3
\openout3 = `efectos-huelgas.toc'.

[3]
LaTeX Info: Redefining \. on input line 144.
LaTeX Info: Redefining \% on input line 144.
[4

] (efectos-huelgas.lof
LaTeX Info: Redefining \. on input line 1.
LaTeX Info: Redefining \% on input line 1.
)
\tf@lof=\write4
\openout4 = `efectos-huelgas.lof'.

[5]
LaTeX Info: Redefining \. on input line 145.
LaTeX Info: Redefining \% on input line 145.
[6

] (efectos-huelgas.lot
LaTeX Info: Redefining \. on input line 1.
LaTeX Info: Redefining \% on input line 1.
)
\tf@lot=\write5
\openout5 = `efectos-huelgas.lot'.

[7]
LaTeX Info: Redefining \. on input line 148.
LaTeX Info: Redefining \% on input line 148.
[8

] [9]
LaTeX Info: Redefining \. on input line 176.
LaTeX Info: Redefining \% on input line 176.
[10

]
Cap\'{\i }tulo 1.
[11]
LaTeX Font Info:    Trying to load font information for T1+pcr on input line 23
2.
(C:\Users\danie\AppData\Local\Programs\MiKTeX\tex/latex/psnfss\t1pcr.fd
File: t1pcr.fd 2001/06/04 font definitions for T1/pcr.
)
Overfull \hbox (89.91576pt too wide) in paragraph at lines 256--256
[]\T1/pcr/m/n/12 ## 0110 1221 1222 1223 1225 1226 1227 1229 1231 1311 1312 1314
 1315 1316 1317 1319[] 
 []


Overfull \hbox (89.91576pt too wide) in paragraph at lines 256--256
[]\T1/pcr/m/n/12 ##    3    2    2    2    2    2    2   11    2   11    2    2
    2    2    7    9[] 
 []


Overfull \hbox (89.91576pt too wide) in paragraph at lines 256--256
[]\T1/pcr/m/n/12 ## 2113 2131 2132 2139 2141 2144 2149 2211 2212 2221 2229 2230
 2310 2320 2359 2411[] 
 []


Overfull \hbox (89.91576pt too wide) in paragraph at lines 256--256
[]\T1/pcr/m/n/12 ##    2    7    3    3    3    2    3    2    3    2    2    6
    2    2    5    2[] 
 []


Overfull \hbox (89.91576pt too wide) in paragraph at lines 256--256
[]\T1/pcr/m/n/12 ## 2412 2419 2451 2455 3114 3121 3122 3131 3132 3151 3152 3211
 3212 3221 3222 3224[] 
 []


Overfull \hbox (89.91576pt too wide) in paragraph at lines 256--256
[]\T1/pcr/m/n/12 ##    3    7    4    2    2    3    2    2    2    2    7    2
    2    3    2    2[] 
 []


Overfull \hbox (89.91576pt too wide) in paragraph at lines 256--256
[]\T1/pcr/m/n/12 ## 3226 3229 3241 3340 3411 3415 3417 3431 3434 3439 3450 3471
 3472 3473 3475 4111[] 
 []


Overfull \hbox (89.91576pt too wide) in paragraph at lines 256--256
[]\T1/pcr/m/n/12 ##    4    5    2    8    2    3    2    4    2    4    2    5
    2    2    3    2[] 
 []


Overfull \hbox (89.91576pt too wide) in paragraph at lines 256--256
[]\T1/pcr/m/n/12 ## 4112 4114 4115 4121 4122 4131 4132 4133 4141 4142 4143 4144
 4190 4211 4222 4223[] 
 []


Overfull \hbox (89.91576pt too wide) in paragraph at lines 256--256
[]\T1/pcr/m/n/12 ##    2    2    4    3    2    2    2    2    3    2    3    2
    5    3    6    2[] 
 []


Overfull \hbox (89.91576pt too wide) in paragraph at lines 256--256
[]\T1/pcr/m/n/12 ## 5121 5122 5123 5131 5132 5139 5141 5169 5220 5230 6113 6124
 6129 6152 6210 7111[] 
 []


Overfull \hbox (89.91576pt too wide) in paragraph at lines 256--256
[]\T1/pcr/m/n/12 ##    2    3    2    2    3    2    2    2    6    2    2    3
    2    2    4    2[] 
 []


Overfull \hbox (89.91576pt too wide) in paragraph at lines 256--256
[]\T1/pcr/m/n/12 ## 7122 7129 7143 7231 7233 7242 7243 7245 7311 7322 7331 7341
 7432 8111 8121 8122[] 
 []


Overfull \hbox (89.91576pt too wide) in paragraph at lines 256--256
[]\T1/pcr/m/n/12 ##    2    3    2    2    2    2    2    2    2    2    2    2
    2    2    2    2[] 
 []


Overfull \hbox (89.91576pt too wide) in paragraph at lines 256--256
[]\T1/pcr/m/n/12 ## 8123 8124 8142 8143 8152 8153 8154 8155 8159 8171 8172 8211
 8221 8222 8223 8224[] 
 []


Overfull \hbox (89.91576pt too wide) in paragraph at lines 256--256
[]\T1/pcr/m/n/12 ##    2    2    2    2    2    2    2    2    2    2    2    2
    2    2    2    2[] 
 []


Overfull \hbox (89.91576pt too wide) in paragraph at lines 256--256
[]\T1/pcr/m/n/12 ## 8229 8231 8232 8240 8251 8252 8253 8261 8262 8263 8264 8265
 8266 8269 8271 8272[] 
 []


Overfull \hbox (89.91576pt too wide) in paragraph at lines 256--256
[]\T1/pcr/m/n/12 ##    2    2    2    2    2    2    2    2    2    2    3    2
    2    2    2    2[] 
 []


Overfull \hbox (89.91576pt too wide) in paragraph at lines 256--256
[]\T1/pcr/m/n/12 ## 8273 8274 8275 8276 8277 8278 8279 8281 8282 8283 8284 8285
 8286 8290 9113 9132[] 
 []


Overfull \hbox (89.91576pt too wide) in paragraph at lines 256--256
[]\T1/pcr/m/n/12 ##    2    2    2    2    2    2    2    2    2    2    2    2
    2    4    2    2[] 
 []


Overfull \hbox (89.91576pt too wide) in paragraph at lines 278--278
[]\T1/pcr/m/n/12 ## 1114 1211 1212 1213 1219 1221 1222 1223 1321 1322 1323 1324
 1330 1341 1342 1343[] 
 []


Overfull \hbox (89.91576pt too wide) in paragraph at lines 278--278
[]\T1/pcr/m/n/12 ##    3    2    2    2    6    2    2    2    2    2    2    3
    4    2    3    3[] 
 []


Overfull \hbox (89.91576pt too wide) in paragraph at lines 278--278
[]\T1/pcr/m/n/12 ## 1344 1345 1346 1349 1411 1412 1420 1439 2120 2131 2132 2212
 2230 2250 2262 2263[] 
 []


Overfull \hbox (89.91576pt too wide) in paragraph at lines 278--278
[]\T1/pcr/m/n/12 ##    2    2    2    2    2    2    2    2    2    2    2    2
    2    2    2    4[] 
 []


Overfull \hbox (89.91576pt too wide) in paragraph at lines 278--278
[]\T1/pcr/m/n/12 ## 2267 2269 2320 2341 2342 2351 2352 2353 2355 2356 2359 2412
 2431 2432 2513 2519[] 
 []

LaTeX Info: Redefining \. on input line 278.
LaTeX Info: Redefining \% on input line 278.
[12]
Overfull \hbox (89.91576pt too wide) in paragraph at lines 278--278
[]\T1/pcr/m/n/12 ##    2    3    2    2    2    2    2    2    2    2    2    3
    2    2    3    3[] 
 []


Overfull \hbox (89.91576pt too wide) in paragraph at lines 278--278
[]\T1/pcr/m/n/12 ## 2642 2652 2653 2654 3112 3113 3114 3115 3117 3121 3122 3123
 3133 3135 3139 3153[] 
 []


Overfull \hbox (89.91576pt too wide) in paragraph at lines 278--278
[]\T1/pcr/m/n/12 ##    2    2    2    2    2    2    2    2    2    2   37    2
    4    4    5    2[] 
 []


Overfull \hbox (89.91576pt too wide) in paragraph at lines 278--278
[]\T1/pcr/m/n/12 ## 3221 3222 3257 3259 3313 3339 3341 3342 3343 3344 3359 3411
 3413 3423 3433 3435[] 
 []


Overfull \hbox (89.91576pt too wide) in paragraph at lines 278--278
[]\T1/pcr/m/n/12 ##    2    2    2    2    2    3   17    2    2    2    3    2
    2    2    2    3[] 
 []


Overfull \hbox (89.91576pt too wide) in paragraph at lines 278--278
[]\T1/pcr/m/n/12 ## 3514 3521 3522 4131 4132 4211 4212 4221 5161 5164 5246 5329
 5414 6111 6112 6113[] 
 []


Overfull \hbox (89.91576pt too wide) in paragraph at lines 278--278
[]\T1/pcr/m/n/12 ##    2    2    2    2    2    2    2    2    2    2    2    2
    2    2    2    2[] 
 []


Overfull \hbox (89.91576pt too wide) in paragraph at lines 278--278
[]\T1/pcr/m/n/12 ## 6114 6121 6122 6123 6130 6210 6221 6222 6223 7111 7113 7223
 7316 7317 7318 7321[] 
 []


Overfull \hbox (89.91576pt too wide) in paragraph at lines 278--278
[]\T1/pcr/m/n/12 ##    2    3    3    2    2    3    2    2    2    2    2    2
    2    2    3    3[] 
 []


Overfull \hbox (89.91576pt too wide) in paragraph at lines 278--278
[]\T1/pcr/m/n/12 ## 7322 7323 7421 7422 7523 7531 7541 8111 8121 8131 8132 8152
 8160 8171 8181 8212[] 
 []


Overfull \hbox (89.91576pt too wide) in paragraph at lines 278--278
[]\T1/pcr/m/n/12 ##    3    2    2    4    2    2    2    2    4    9    2    2
    9    2    2    2[] 
 []


LaTeX Warning: Float too large for page by 28.46642pt on input line 408.

LaTeX Font Info:    Trying to load font information for TS1+pcr on input line 4
15.
(C:\Users\danie\AppData\Local\Programs\MiKTeX\tex/latex/psnfss\ts1pcr.fd
File: ts1pcr.fd 2001/06/04 font definitions for TS1/pcr.
)
Overfull \hbox (25.11578pt too wide) in paragraph at lines 415--415
[]\T1/pcr/m/n/12 ## package \TS1/pcr/m/n/12 '\T1/pcr/m/n/12 ISCO08ConveRsions\T
S1/pcr/m/n/12 ' \T1/pcr/m/n/12 successfully unpacked and MD5 sums checked[] 
 []


LaTeX Warning: Float too large for page by 28.46642pt on input line 522.

LaTeX Info: Redefining \. on input line 528.
LaTeX Info: Redefining \% on input line 528.
[13]
LaTeX Info: Redefining \. on input line 528.
LaTeX Info: Redefining \% on input line 528.
[14]
LaTeX Info: Redefining \. on input line 528.
LaTeX Info: Redefining \% on input line 528.
[15]
Underfull \vbox (badness 2368) has occurred while \output is active []

LaTeX Info: Redefining \. on input line 624.
LaTeX Info: Redefining \% on input line 624.
[16]
LaTeX Info: Redefining \. on input line 719.
LaTeX Info: Redefining \% on input line 719.
[17]
Underfull \vbox (badness 2065) has occurred while \output is active []

LaTeX Info: Redefining \. on input line 856.
LaTeX Info: Redefining \% on input line 856.
[18]
LaTeX Info: Redefining \. on input line 856.
LaTeX Info: Redefining \% on input line 856.
[19]

Package caption Warning: Unused \captionsetup[figure] on input line \caption@op
t@figure@lineno .
See the caption package documentation for explanation.


Package caption Warning: Unused \captionsetup[ table] on input line \caption@op
t@ table@lineno .
See the caption package documentation for explanation.

LaTeX Info: Redefining \. on input line 1003.
LaTeX Info: Redefining \% on input line 1003.
[20]
LaTeX Info: Redefining \. on input line 1003.
LaTeX Info: Redefining \% on input line 1003.
[21] (efectos-huelgas.aux
LaTeX Info: Redefining \. on input line 12.
LaTeX Info: Redefining \% on input line 12.
)
 ***********
LaTeX2e <2023-11-01> patch level 1
L3 programming layer <2024-03-14>
 ***********

LaTeX Warning: There were multiply-defined labels.

 ) 
Here is how much of TeX's memory you used:
 20277 strings out of 474423
 331149 string characters out of 5741719
 1983496 words of memory out of 5000000
 42098 multiletter control sequences out of 15000+600000
 613850 words of font info for 150 fonts, out of 8000000 for 9000
 1141 hyphenation exceptions out of 8191
 77i,9n,81p,1014b,650s stack positions out of 10000i,1000n,20000p,200000b,200000s
<C:/Users/danie/AppData/Local/Programs/MiKTeX/fonts/type1/urw/courier/ucrr8a.
pfb><C:/Users/danie/AppData/Local/Programs/MiKTeX/fonts/type1/urw/times/utmb8a.
pfb><C:/Users/danie/AppData/Local/Programs/MiKTeX/fonts/type1/urw/times/utmr8a.
pfb><C:/Users/danie/AppData/Local/Programs/MiKTeX/fonts/type1/urw/times/utmr8a.
pfb>
Output written on efectos-huelgas.pdf (21 pages, 114254 bytes).
PDF statistics:
 207 PDF objects out of 1000 (max. 8388607)
 62 named destinations out of 1000 (max. 500000)
 36889 words of extra memory for PDF output out of 42996 (max. 10000000)

